[18:11:44] [ServerMain/INFO]: Environment: authHost='https://authserver.mojang.com', accountsHost='https://api.mojang.com', sessionHost='https://sessionserver.mojang.com', servicesHost='https://api.minecraftservices.com', name='PROD'
[18:11:45] [ServerMain/INFO]: Loaded 7 recipes
[18:11:46] [Server thread/INFO]: Starting minecraft server version 1.20.1
[18:11:46] [Server thread/INFO]: Loading properties
[18:11:46] [Server thread/INFO]: This server is running Purpur version git-Purpur-2062 (MC: 1.20.1) (Implementing API version 1.20.1-R0.1-SNAPSHOT) (Git: f6fd5f6 on HEAD)
[18:11:47] [Server thread/INFO]: Server Ping Player Sample Count: 12
[18:11:47] [Server thread/INFO]: Using 4 threads for Netty based IO
[18:11:48] [Server thread/INFO]: [ChunkTaskScheduler] Chunk system is using 1 I/O threads, 1 worker threads, and gen parallelism of 1 threads
[18:11:49] [Server thread/WARN]: [Pufferfish] Will not enable SIMD! These optimizations are only safely supported on Java 17, Java 18, and Java 19.
[18:11:49] [Server thread/INFO]: Default game type: SURVIVAL
[18:11:49] [Server thread/INFO]: Generating keypair
[18:11:49] [Server thread/INFO]: Starting Minecraft server on *:25565
[18:11:49] [Server thread/INFO]: Using epoll channel type
[18:11:49] [Server thread/INFO]: Paper: Using libdeflate (Linux x86_64) compression from Velocity.
[18:11:49] [Server thread/INFO]: Paper: Using OpenSSL 1.1.x (Linux x86_64) cipher from Velocity.
[18:11:49] [Server thread/INFO]: [Vault] Loading server plugin Vault v1.7.3-b131
[18:11:49] [Server thread/INFO]: [ViaVersion] Loading server plugin ViaVersion v4.10.1
[18:11:49] [Server thread/INFO]: [ViaVersion] ViaVersion 4.10.1 is now loaded. Registering protocol transformers and injecting...
[18:11:50] [Via-Mappingloader-0/INFO]: [ViaVersion] Loading block connection mappings ...
[18:11:50] [Via-Mappingloader-0/INFO]: [ViaVersion] Using FastUtil Long2ObjectOpenHashMap for block connections
[18:11:50] [Server thread/INFO]: [ViaBackwards] Loading translations...
[18:11:50] [Server thread/INFO]: [ViaBackwards] Registering protocols...
[18:11:51] [Server thread/INFO]: [Essentials] Loading server plugin Essentials v2.20.1
[18:11:51] [Server thread/INFO]: [spark] Loading server plugin spark v1.10.66
[18:11:51] [Server thread/INFO]: [ViaBackwards] Loading server plugin ViaBackwards v4.10.1
[18:11:51] [Server thread/INFO]: [Geyser-Spigot] Loading server plugin Geyser-Spigot v2.3.0-SNAPSHOT
[18:11:51] [Server thread/INFO]: [Geyser-Spigot] Loading extensions...
[18:11:51] [Server thread/INFO]: [Geyser-Spigot] Loaded 0 extension(s)
[18:11:51] [Server thread/INFO]: [EssentialsChat] Loading server plugin EssentialsChat v2.20.1
[18:11:51] [Server thread/INFO]: [ProtocolLib] Loading server plugin ProtocolLib v5.2.0-SNAPSHOT-679
[18:11:52] [Server thread/INFO]: [EssentialsSpawn] Loading server plugin EssentialsSpawn v2.20.1
[18:11:52] [Server thread/INFO]: Server permissions file permissions.yml is empty, ignoring it
[18:11:52] [Server thread/INFO]: [Vault] Enabling Vault v1.7.3-b131
[18:11:52] [Server thread/INFO]: [Vault] [Economy] Essentials Economy found: Waiting
[18:11:52] [Server thread/INFO]: [Vault] [Permission] SuperPermissions loaded as backup permission system.
[18:11:52] [Server thread/INFO]: [Vault] Enabled Version 1.7.3-b131
[18:11:52] [Server thread/INFO]: [ProtocolLib] Enabling ProtocolLib v5.2.0-SNAPSHOT-679
[18:11:52] [Server thread/WARN]: **** SERVER IS RUNNING IN OFFLINE/INSECURE MODE!
[18:11:52] [Server thread/WARN]: The server will make no attempt to authenticate usernames. Beware.
[18:11:52] [Server thread/WARN]: While this makes the game possible to play without internet access, it also opens up the ability for hackers to connect with any username they choose.
[18:11:52] [Server thread/WARN]: To change this, set "online-mode" to "true" in the server.properties file.
[18:11:52] [Server thread/INFO]: Preparing level "world"
[18:11:53] [Server thread/INFO]: Preparing start region for dimension minecraft:overworld
[18:11:53] [Server thread/INFO]: Time elapsed: 198 ms
[18:11:53] [Server thread/INFO]: Preparing start region for dimension minecraft:the_nether
[18:11:53] [Server thread/INFO]: Time elapsed: 95 ms
[18:11:53] [Server thread/INFO]: Preparing start region for dimension minecraft:the_end
[18:11:53] [Server thread/INFO]: Time elapsed: 57 ms
[18:11:53] [Server thread/INFO]: [ViaVersion] Enabling ViaVersion v4.10.1
[18:11:54] [Server thread/INFO]: [ViaVersion] ViaVersion detected server version: 1.20-1.20.1 (763)
[18:11:54] [Server thread/INFO]: [Essentials] Enabling Essentials v2.20.1
[18:11:54] [Server thread/INFO]: [Essentials] Attempting to convert old kits in config.yml to new kits.yml
[18:11:54] [Server thread/INFO]: [Essentials] No kits found to migrate.
[18:11:55] [Server thread/INFO]: [Essentials] Loaded 39094 items from items.json.
[18:11:55] [Server thread/INFO]: [Essentials] Using locale en
[18:11:55] [Server thread/INFO]: [Essentials] ServerListPingEvent: Spigot iterator API
[18:11:55] [Server thread/INFO]: [Essentials] Starting Metrics. Opt-out using the global bStats config.
[18:11:55] [Server thread/INFO]: [Vault] [Economy] Essentials Economy hooked.
[18:11:55] [Server thread/INFO]: [Essentials] Using superperms-based permissions.
[18:11:55] [Server thread/INFO]: [spark] Enabling spark v1.10.66
[18:11:55] [Server thread/INFO]: [spark] Using Paper ServerTickStartEvent for tick monitoring
[18:11:55] [Server thread/INFO]: [spark] Starting background profiler...
[18:11:56] [Server thread/INFO]: [ViaBackwards] Enabling ViaBackwards v4.10.1
[18:11:56] [Server thread/INFO]: [Geyser-Spigot] Enabling Geyser-Spigot v2.3.0-SNAPSHOT
[18:11:56] [Server thread/INFO]: [EssentialsChat] Enabling EssentialsChat v2.20.1
[18:11:56] [Server thread/INFO]: [EssentialsChat] Starting Metrics. Opt-out using the global bStats config.
[18:11:56] [Server thread/INFO]: [EssentialsSpawn] Enabling EssentialsSpawn v2.20.1
[18:11:56] [Server thread/INFO]: [EssentialsSpawn] Starting Metrics. Opt-out using the global bStats config.
[18:11:56] [Server thread/INFO]: [Geyser-Spigot] ******************************************
[18:11:56] [Server thread/INFO]: [Geyser-Spigot] 
[18:11:56] [Server thread/INFO]: [Geyser-Spigot] Loading Geyser version 2.3.0-SNAPSHOT (git-master-627c2ba)
[18:11:56] [Server thread/INFO]: [Geyser-Spigot] 
[18:11:56] [Server thread/INFO]: [Geyser-Spigot] ******************************************
[18:12:03] [epollEventLoopGroup-3-2/INFO]: [Geyser-Spigot] Started Geyser on 0.0.0.0:25565
[18:12:03] [Server thread/INFO]: [Geyser-Spigot] Done (6.602s)! Run /geyser help for help!
[18:12:03] [Server thread/INFO]: Running delayed init tasks
[18:12:03] [Server thread/INFO]: [Essentials] Essentials found a compatible payment resolution method: Vault Compatibility Layer (v1.7.3-b131)!
[18:12:03] [Server thread/INFO]: Done (16.851s)! For help, type "help"
[18:12:03] [Craft Scheduler Thread - 1 - Essentials/INFO]: [Essentials] Fetching version information...
[18:12:03] [Craft Scheduler Thread - 2 - ViaVersion/INFO]: [ViaVersion] Finished mapping loading, shutting down loader executor!
[18:12:03] [Craft Scheduler Thread - 6 - Vault/INFO]: [Vault] Checking for Updates ... 
[18:12:03] [Craft Scheduler Thread - 6 - Vault/INFO]: [Vault] No new version available
[18:13:03] [Server thread/INFO]: Reloading Geyser configurations... all connected bedrock clients will be kicked.
[18:13:03] [Geyser Scheduled Thread-2-1/INFO]: [Geyser-Spigot] Shutting down Geyser.
[18:13:03] [epollEventLoopGroup-9-2/INFO]: [Geyser-Spigot] Started Geyser on 0.0.0.0:1793
[18:13:21] [epollEventLoopGroup-10-1/INFO]: [Geyser-Spigot] Player connected with username MersYeon
[18:13:25] [Geyser player thread-11-1/INFO]: [Geyser-Spigot] Bedrock user with ip: /127.208.26.128 has disconnected for reason Login is required
[18:13:38] [Server thread/INFO]: Reloading Geyser configurations... all connected bedrock clients will be kicked.
[18:13:38] [Geyser Scheduled Thread-8-1/INFO]: [Geyser-Spigot] Shutting down Geyser.
[18:13:38] [epollEventLoopGroup-13-2/INFO]: [Geyser-Spigot] Started Geyser on 0.0.0.0:1793
[18:13:47] [epollEventLoopGroup-14-1/INFO]: [Geyser-Spigot] Player connected with username MersYeon
[18:13:47] [localSession-7-2/INFO]: [Geyser-Spigot] MersYeon (logged in as: MersYeon) has connected to the Java server
[18:13:47] [User Authenticator #0/INFO]: UUID of player MersYeon is ed8fdb72-e71e-33e3-bdbf-a821f55d315c
[18:13:47] [Server thread/INFO]: MersYeon joined the game
[18:13:47] [Server thread/INFO]: MersYeon[/127.208.26.128:0] logged in with entity id 225 at ([world]-728.8057074028522, 70.43317294762025, 92.95670347872553)
[18:14:21] [localSession-7-2/INFO]: [Geyser-Spigot] MersYeon has disconnected from the Java server because of Bedrock client disconnected
[18:14:21] [Server thread/INFO]: MersYeon lost connection: Disconnected
[18:14:21] [Server thread/INFO]: MersYeon left the game
